#
# A fatal error has been detected by the Java Runtime Environment:
#
#  EXCEPTION_ACCESS_VIOLATION (0xc0000005) at pc=0x00007ff8170dbfb0, pid=9448, tid=5304
#
# JRE version: Java(TM) SE Runtime Environment (17.0.10+11) (build 17.0.10+11-LTS-240)
# Java VM: Java HotSpot(TM) 64-Bit Server VM (17.0.10+11-LTS-240, mixed mode, sharing, tiered, compressed oops, compressed class ptrs, g1 gc, windows-amd64)
# Problematic frame:
# V  [jvm.dll+0xbfb0]
#
# No core dump will be written. Minidumps are not enabled by default on client versions of Windows
#
# If you would like to submit a bug report, please visit:
#   https://bugreport.java.com/bugreport/crash.jsp
#

---------------  S U M M A R Y ------------

Command Line: -Dfile.encoding=UTF-8 --module-path=D:\Projects\E4ETagWriterAnt\E4ETagWriter\build\classes e4etagwriter.Login

Host: Intel(R) Core(TM) i5-4210U CPU @ 1.70GHz, 4 cores, 7G,  Windows 10 , 64 bit Build 19041 (10.0.19041.3636)
Time: Tue Jan 30 21:11:45 2024 India Standard Time elapsed time: 12.069291 seconds (0d 0h 0m 12s)

---------------  T H R E A D  ---------------

Current thread (0x000001d3e2f0a860):  JavaThread "Thread-1" [_thread_in_vm, id=5304, stack(0x000000c79b400000,0x000000c79b500000)]

Stack: [0x000000c79b400000,0x000000c79b500000],  sp=0x000000c79b4ff008,  free space=1020k
Native frames: (J=compiled Java code, j=interpreted, Vv=VM code, C=native code)
V  [jvm.dll+0xbfb0]

Java frames: (J=compiled Java code, j=interpreted, Vv=VM code)
j  com.fazecast.jSerialComm.SerialPort.readBytes(J[BJJII)I+0
j  com.fazecast.jSerialComm.SerialPort.readBytes([BJ)I+25
j  e4etagwriter.SerialComm$1.serialEvent(Lcom/fazecast/jSerialComm/SerialPortEvent;)V+30
j  com.fazecast.jSerialComm.SerialPort$SerialPortEventListener.waitForSerialEvent()V+618
j  com.fazecast.jSerialComm.SerialPort$SerialPortEventListener$1.run()V+23
j  java.lang.Thread.run()V+11 java.base@17.0.10
v  ~StubRoutines::call_stub

siginfo: EXCEPTION_ACCESS_VIOLATION (0xc0000005), reading address 0x0000000000000000


Registers:
RAX=0x0000000000000000, RBX=0x000001d3e2f0a860, RCX=0x0000000000000000, RDX=0x0000000000000000
RSP=0x000000c79b4ff008, RBP=0x0000000000000000, RSI=0x0000000000000006, RDI=0x0000000000000000
R8 =0x0000000000000000, R9 =0x0000000000000006, R10=0x00007ff817b72670, R11=0x0000000000000246
R12=0x0000000000000000, R13=0x000001d3dee134a8, R14=0x0000000000000000, R15=0x000001d3e2f0a860
RIP=0x00007ff8170dbfb0, EFLAGS=0x0000000000010246


Register to memory mapping:

RIP=0x00007ff8170dbfb0 jvm.dll
RAX=0x0 is NULL
RBX=0x000001d3e2f0a860 is a thread
RCX=0x0 is NULL
RDX=0x0 is NULL
RSP=0x000000c79b4ff008 is pointing into the stack for thread: 0x000001d3e2f0a860
RBP=0x0 is NULL
RSI=0x0000000000000006 is an unknown value
RDI=0x0 is NULL
R8 =0x0 is NULL
R9 =0x0000000000000006 is an unknown value
R10=0x00007ff817b72670 jvm.dll
R11=0x0000000000000246 is an unknown value
R12=0x0 is NULL
R13={method} {0x000001d3dee134b0} 'readBytes' '(J[BJJII)I' in 'com/fazecast/jSerialComm/SerialPort'
R14=0x0 is NULL
R15=0x000001d3e2f0a860 is a thread


Top of Stack: (sp=0x000000c79b4ff008)
0x000000c79b4ff008:   00007ff8174aac67 000000c79b4ff1f8
0x000000c79b4ff018:   0000000000000001 000001d3e2f0ab10
0x000000c79b4ff028:   0000000000000820 000001d3e2f0a860
0x000000c79b4ff038:   0000000000000000 0000000000000000
0x000000c79b4ff048:   000001d3e2f0a860 000001d3e2f0a860
0x000000c79b4ff058:   000000c79b4ff1f8 0000000000000001
0x000000c79b4ff068:   00007ff85bfd3f1a 000001d3e30bd4b0
0x000000c79b4ff078:   0000000000000000 000001d3e2f0ab10
0x000000c79b4ff088:   0000000000000000 000001d3e31ce770
0x000000c79b4ff098:   000001d38ed1d48e 0000000000000000
0x000000c79b4ff0a8:   0000000000000006 0000000000000000
0x000000c79b4ff0b8:   0000000000000820 000001d38ed19612
0x000000c79b4ff0c8:   000001d38ed1d621 000001d3dee134a8
0x000000c79b4ff0d8:   000000c79b4ff190 000000000000000b
0x000000c79b4ff0e8:   00007ff81744dec1 0000000000000006
0x000000c79b4ff0f8:   0000000000000000 000001d300000000 

Instructions: (pc=0x00007ff8170dbfb0)
0x00007ff8170dbeb0:   6c c1 a8 00 48 83 c4 20 5b 48 ff e0 48 8d 05 ed
0x00007ff8170dbec0:   00 00 00 48 8b cb 48 89 05 53 c1 a8 00 48 83 c4
0x00007ff8170dbed0:   20 5b 48 ff e0 48 8d 05 d4 00 00 00 48 8b cb 48
0x00007ff8170dbee0:   89 05 3a c1 a8 00 48 83 c4 20 5b 48 ff e0 48 8b
0x00007ff8170dbef0:   0d 5b b7 ae 00 8b 51 10 83 ea 01 0f 84 91 00 00
0x00007ff8170dbf00:   00 83 ea 01 74 73 83 ea 01 74 55 83 fa 01 74 37
0x00007ff8170dbf10:   4c 8d 0d 39 cc 82 00 41 b8 e9 00 00 00 48 8d 15
0x00007ff8170dbf20:   64 cc 82 00 b9 00 00 00 e0 e8 72 93 23 00 e8 3d
0x00007ff8170dbf30:   b6 66 00 33 c0 48 8b cb 48 89 05 e1 c0 a8 00 48
0x00007ff8170dbf40:   83 c4 20 5b 48 ff e0 48 8d 05 72 00 00 00 48 8b
0x00007ff8170dbf50:   cb 48 89 05 c8 c0 a8 00 48 83 c4 20 5b 48 ff e0
0x00007ff8170dbf60:   48 8d 05 49 00 00 00 48 8b cb 48 89 05 af c0 a8
0x00007ff8170dbf70:   00 48 83 c4 20 5b 48 ff e0 48 8d 05 30 00 00 00
0x00007ff8170dbf80:   48 8b cb 48 89 05 96 c0 a8 00 48 83 c4 20 5b 48
0x00007ff8170dbf90:   ff e0 48 8d 05 17 00 00 00 48 8b cb 48 89 05 7d
0x00007ff8170dbfa0:   c0 a8 00 48 83 c4 20 5b 48 ff e0 cc cc cc cc cc
0x00007ff8170dbfb0:   48 8b 01 c3 cc cc cc cc cc cc cc cc cc cc cc cc
0x00007ff8170dbfc0:   48 89 5c 24 08 57 48 83 ec 20 48 8b 39 48 8b d9
0x00007ff8170dbfd0:   48 85 3d a1 97 b3 00 75 0e 48 8b c7 48 8b 5c 24
0x00007ff8170dbfe0:   30 48 83 c4 20 5f c3 48 8b cf e8 a1 e7 7f 00 48
0x00007ff8170dbff0:   8b d0 48 85 c0 74 20 48 8b c7 f0 48 0f b1 13 74
0x00007ff8170dc000:   16 48 85 05 70 97 b3 00 74 0d 48 8b c8 f0 48 0f
0x00007ff8170dc010:   b1 13 48 3b c1 75 ea 48 8b 5c 24 30 48 8b c2 48
0x00007ff8170dc020:   83 c4 20 5f c3 cc cc cc cc cc cc cc cc cc cc cc
0x00007ff8170dc030:   8b 44 24 30 45 03 c9 44 2b 4c 24 28 83 c0 0b 44
0x00007ff8170dc040:   03 ca 45 03 c8 41 03 c1 c3 cc cc cc cc cc cc cc
0x00007ff8170dc050:   48 8b 41 08 0f b7 48 2a 0f b7 40 28 83 c0 48 03
0x00007ff8170dc060:   c1 c3 cc cc cc cc cc cc cc cc cc cc cc cc cc cc
0x00007ff8170dc070:   48 89 5c 24 08 57 48 83 ec 20 0f b6 05 ef 9e b3
0x00007ff8170dc080:   00 48 8b fa 48 8b d9 84 c0 74 4f 48 85 15 e6 96
0x00007ff8170dc090:   b3 00 74 38 48 8b ca e8 04 ea 7f 00 48 8b d0 48
0x00007ff8170dc0a0:   85 db 74 25 48 85 c0 74 20 48 8b c7 f0 48 0f b1 


Stack slot to memory mapping:
stack at sp + 0 slots: 0x00007ff8174aac67 jvm.dll
stack at sp + 1 slots: 0x000000c79b4ff1f8 is pointing into the stack for thread: 0x000001d3e2f0a860
stack at sp + 2 slots: 0x0000000000000001 is an unknown value
stack at sp + 3 slots: 0x000001d3e2f0ab10 points into unknown readable memory: 0x00007ff817b72670 | 70 26 b7 17 f8 7f 00 00
stack at sp + 4 slots: 0x0000000000000820 is an unknown value
stack at sp + 5 slots: 0x000001d3e2f0a860 is a thread
stack at sp + 6 slots: 0x0 is NULL
stack at sp + 7 slots: 0x0 is NULL


---------------  P R O C E S S  ---------------

Threads class SMR info:
_java_thread_list=0x000001d3e305d500, length=22, elements={
0x000001d39cc9a6c0, 0x000001d39cc9b450, 0x000001d39ccaad70, 0x000001d39ccad650,
0x000001d39ccadf20, 0x000001d39ccae7f0, 0x000001d39ccb29a0, 0x000001d39ccb3360,
0x000001d39ccb5c80, 0x000001d3e2078660, 0x000001d3e20f0430, 0x000001d3e22d1340,
0x000001d3e22d1820, 0x000001d3e22d1d00, 0x000001d3e23494d0, 0x000001d3fd451df0,
0x000001d3e2de88a0, 0x000001d3e2f0cbd0, 0x000001d3e2f0ad70, 0x000001d3e2f0c6c0,
0x000001d3e2f0d0e0, 0x000001d3e2f0a860
}

Java Threads: ( => current thread )
  0x000001d39cc9a6c0 JavaThread "Reference Handler" daemon [_thread_blocked, id=11108, stack(0x000000c799700000,0x000000c799800000)]
  0x000001d39cc9b450 JavaThread "Finalizer" daemon [_thread_blocked, id=10928, stack(0x000000c799800000,0x000000c799900000)]
  0x000001d39ccaad70 JavaThread "Signal Dispatcher" daemon [_thread_blocked, id=1296, stack(0x000000c799900000,0x000000c799a00000)]
  0x000001d39ccad650 JavaThread "Attach Listener" daemon [_thread_blocked, id=7636, stack(0x000000c799a00000,0x000000c799b00000)]
  0x000001d39ccadf20 JavaThread "Service Thread" daemon [_thread_blocked, id=8408, stack(0x000000c799b00000,0x000000c799c00000)]
  0x000001d39ccae7f0 JavaThread "Monitor Deflation Thread" daemon [_thread_blocked, id=10228, stack(0x000000c799c00000,0x000000c799d00000)]
  0x000001d39ccb29a0 JavaThread "C2 CompilerThread0" daemon [_thread_blocked, id=9996, stack(0x000000c799d00000,0x000000c799e00000)]
  0x000001d39ccb3360 JavaThread "C1 CompilerThread0" daemon [_thread_blocked, id=9300, stack(0x000000c799e00000,0x000000c799f00000)]
  0x000001d39ccb5c80 JavaThread "Sweeper thread" daemon [_thread_blocked, id=11036, stack(0x000000c799f00000,0x000000c79a000000)]
  0x000001d3e2078660 JavaThread "Common-Cleaner" daemon [_thread_blocked, id=3216, stack(0x000000c79a000000,0x000000c79a100000)]
  0x000001d3e20f0430 JavaThread "Notification Thread" daemon [_thread_blocked, id=4036, stack(0x000000c79a100000,0x000000c79a200000)]
  0x000001d3e22d1340 JavaThread "Java2D Disposer" daemon [_thread_blocked, id=8736, stack(0x000000c79a300000,0x000000c79a400000)]
  0x000001d3e22d1820 JavaThread "AWT-Shutdown" [_thread_blocked, id=8804, stack(0x000000c79a400000,0x000000c79a500000)]
  0x000001d3e22d1d00 JavaThread "AWT-Windows" daemon [_thread_in_native, id=11892, stack(0x000000c79a500000,0x000000c79a600000)]
  0x000001d3e23494d0 JavaThread "AWT-EventQueue-0" [_thread_blocked, id=8416, stack(0x000000c79a600000,0x000000c79a700000)]
  0x000001d3fd451df0 JavaThread "DestroyJavaVM" [_thread_blocked, id=9136, stack(0x000000c799000000,0x000000c799100000)]
  0x000001d3e2de88a0 JavaThread "TimerQueue" daemon [_thread_blocked, id=11112, stack(0x000000c79a700000,0x000000c79a800000)]
  0x000001d3e2f0cbd0 JavaThread "HttpClient-1-SelectorManager" daemon [_thread_in_native, id=11016, stack(0x000000c79b000000,0x000000c79b100000)]
  0x000001d3e2f0ad70 JavaThread "HttpClient-1-Worker-0" daemon [_thread_blocked, id=11308, stack(0x000000c79ab00000,0x000000c79ac00000)]
  0x000001d3e2f0c6c0 JavaThread "HttpClient-1-Worker-1" daemon [_thread_blocked, id=11672, stack(0x000000c79b200000,0x000000c79b300000)]
  0x000001d3e2f0d0e0 JavaThread "HttpClient-1-Worker-2" daemon [_thread_blocked, id=4952, stack(0x000000c79b300000,0x000000c79b400000)]
=>0x000001d3e2f0a860 JavaThread "Thread-1" [_thread_in_vm, id=5304, stack(0x000000c79b400000,0x000000c79b500000)]

Other Threads:
  0x000001d39cc8fec0 VMThread "VM Thread" [stack: 0x000000c799600000,0x000000c799700000] [id=10472]
  0x000001d3e20f0910 WatcherThread [stack: 0x000000c79a200000,0x000000c79a300000] [id=5368]
  0x000001d3fd4ad7c0 GCTaskThread "GC Thread#0" [stack: 0x000000c799100000,0x000000c799200000] [id=10016]
  0x000001d3e2f69f50 GCTaskThread "GC Thread#1" [stack: 0x000000c79ac00000,0x000000c79ad00000] [id=5988]
  0x000001d3e2f6a210 GCTaskThread "GC Thread#2" [stack: 0x000000c79ad00000,0x000000c79ae00000] [id=9348]
  0x000001d3e2eb72f0 GCTaskThread "GC Thread#3" [stack: 0x000000c79ae00000,0x000000c79af00000] [id=7176]
  0x000001d3fd4c02c0 ConcurrentGCThread "G1 Main Marker" [stack: 0x000000c799200000,0x000000c799300000] [id=8908]
  0x000001d3fd4c1380 ConcurrentGCThread "G1 Conc#0" [stack: 0x000000c799300000,0x000000c799400000] [id=11512]
  0x000001d3fd528920 ConcurrentGCThread "G1 Refine#0" [stack: 0x000000c799400000,0x000000c799500000] [id=10284]
  0x000001d3e2f9c8d0 ConcurrentGCThread "G1 Refine#1" [stack: 0x000000c79af00000,0x000000c79b000000] [id=10468]
  0x000001d39cb50480 ConcurrentGCThread "G1 Service" [stack: 0x000000c799500000,0x000000c799600000] [id=10988]

Threads with active compile tasks:

VM state: not at safepoint (normal execution)

VM Mutex/Monitor currently owned by a thread: None

Heap address: 0x0000000081c00000, size: 2020 MB, Compressed Oops mode: 32-bit

CDS archive(s) mapped at: [0x000001d39d000000-0x000001d39dbd0000-0x000001d39dbd0000), size 12386304, SharedBaseAddress: 0x000001d39d000000, ArchiveRelocationMode: 1.
Compressed class space mapped at: 0x000001d39e000000-0x000001d3de000000, reserved size: 1073741824
Narrow klass base: 0x000001d39d000000, Narrow klass shift: 0, Narrow klass range: 0x100000000

GC Precious Log:
 CPUs: 4 total, 4 available
 Memory: 8072M
 Large Page Support: Disabled
 NUMA Support: Disabled
 Compressed Oops: Enabled (32-bit)
 Heap Region Size: 1M
 Heap Min Capacity: 8M
 Heap Initial Capacity: 128M
 Heap Max Capacity: 2020M
 Pre-touch: Disabled
 Parallel Workers: 4
 Concurrent Workers: 1
 Concurrent Refinement Workers: 4
 Periodic GC: Disabled

Heap:
 garbage-first heap   total 131072K, used 10105K [0x0000000081c00000, 0x0000000100000000)
  region size 1024K, 5 young (5120K), 2 survivors (2048K)
 Metaspace       used 18301K, committed 18560K, reserved 1114112K
  class space    used 2138K, committed 2304K, reserved 1048576K

Heap Regions: E=young(eden), S=young(survivor), O=old, HS=humongous(starts), HC=humongous(continues), CS=collection set, F=free, OA=open archive, CA=closed archive, TAMS=top-at-mark-start (previous, next)
|   0|0x0000000081c00000, 0x0000000081d00000, 0x0000000081d00000|100%|HS|  |TAMS 0x0000000081c00000, 0x0000000081c00000| Complete 
|   1|0x0000000081d00000, 0x0000000081e00000, 0x0000000081e00000|100%| O|  |TAMS 0x0000000081d00000, 0x0000000081d00000| Untracked 
|   2|0x0000000081e00000, 0x0000000081f00000, 0x0000000081f00000|100%| O|  |TAMS 0x0000000081e00000, 0x0000000081e00000| Untracked 
|   3|0x0000000081f00000, 0x0000000082000000, 0x0000000082000000|100%| O|  |TAMS 0x0000000081f00000, 0x0000000081f00000| Untracked 
|   4|0x0000000082000000, 0x0000000082100000, 0x0000000082100000|100%| O|  |TAMS 0x0000000082000000, 0x0000000082000000| Untracked 
|   5|0x0000000082100000, 0x0000000082167e00, 0x0000000082200000| 40%| O|  |TAMS 0x0000000082100000, 0x0000000082100000| Untracked 
|   6|0x0000000082200000, 0x0000000082300000, 0x0000000082300000|100%|HS|  |TAMS 0x0000000082200000, 0x0000000082200000| Complete 
|   7|0x0000000082300000, 0x0000000082300000, 0x0000000082400000|  0%| F|  |TAMS 0x0000000082300000, 0x0000000082300000| Untracked 
|   8|0x0000000082400000, 0x0000000082400000, 0x0000000082500000|  0%| F|  |TAMS 0x0000000082400000, 0x0000000082400000| Untracked 
|   9|0x0000000082500000, 0x0000000082500000, 0x0000000082600000|  0%| F|  |TAMS 0x0000000082500000, 0x0000000082500000| Untracked 
|  10|0x0000000082600000, 0x0000000082600000, 0x0000000082700000|  0%| F|  |TAMS 0x0000000082600000, 0x0000000082600000| Untracked 
|  11|0x0000000082700000, 0x0000000082700000, 0x0000000082800000|  0%| F|  |TAMS 0x0000000082700000, 0x0000000082700000| Untracked 
|  12|0x0000000082800000, 0x0000000082800000, 0x0000000082900000|  0%| F|  |TAMS 0x0000000082800000, 0x0000000082800000| Untracked 
|  13|0x0000000082900000, 0x0000000082900000, 0x0000000082a00000|  0%| F|  |TAMS 0x0000000082900000, 0x0000000082900000| Untracked 
|  14|0x0000000082a00000, 0x0000000082a00000, 0x0000000082b00000|  0%| F|  |TAMS 0x0000000082a00000, 0x0000000082a00000| Untracked 
|  15|0x0000000082b00000, 0x0000000082b00000, 0x0000000082c00000|  0%| F|  |TAMS 0x0000000082b00000, 0x0000000082b00000| Untracked 
|  16|0x0000000082c00000, 0x0000000082c00000, 0x0000000082d00000|  0%| F|  |TAMS 0x0000000082c00000, 0x0000000082c00000| Untracked 
|  17|0x0000000082d00000, 0x0000000082d00000, 0x0000000082e00000|  0%| F|  |TAMS 0x0000000082d00000, 0x0000000082d00000| Untracked 
|  18|0x0000000082e00000, 0x0000000082e00000, 0x0000000082f00000|  0%| F|  |TAMS 0x0000000082e00000, 0x0000000082e00000| Untracked 
|  19|0x0000000082f00000, 0x0000000082f00000, 0x0000000083000000|  0%| F|  |TAMS 0x0000000082f00000, 0x0000000082f00000| Untracked 
|  20|0x0000000083000000, 0x0000000083000000, 0x0000000083100000|  0%| F|  |TAMS 0x0000000083000000, 0x0000000083000000| Untracked 
|  21|0x0000000083100000, 0x0000000083100000, 0x0000000083200000|  0%| F|  |TAMS 0x0000000083100000, 0x0000000083100000| Untracked 
|  22|0x0000000083200000, 0x0000000083200000, 0x0000000083300000|  0%| F|  |TAMS 0x0000000083200000, 0x0000000083200000| Untracked 
|  23|0x0000000083300000, 0x0000000083300000, 0x0000000083400000|  0%| F|  |TAMS 0x0000000083300000, 0x0000000083300000| Untracked 
|  24|0x0000000083400000, 0x0000000083400000, 0x0000000083500000|  0%| F|  |TAMS 0x0000000083400000, 0x0000000083400000| Untracked 
|  25|0x0000000083500000, 0x0000000083500000, 0x0000000083600000|  0%| F|  |TAMS 0x0000000083500000, 0x0000000083500000| Untracked 
|  26|0x0000000083600000, 0x0000000083600000, 0x0000000083700000|  0%| F|  |TAMS 0x0000000083600000, 0x0000000083600000| Untracked 
|  27|0x0000000083700000, 0x0000000083700000, 0x0000000083800000|  0%| F|  |TAMS 0x0000000083700000, 0x0000000083700000| Untracked 
|  28|0x0000000083800000, 0x0000000083800000, 0x0000000083900000|  0%| F|  |TAMS 0x0000000083800000, 0x0000000083800000| Untracked 
|  29|0x0000000083900000, 0x0000000083900000, 0x0000000083a00000|  0%| F|  |TAMS 0x0000000083900000, 0x0000000083900000| Untracked 
|  30|0x0000000083a00000, 0x0000000083a00000, 0x0000000083b00000|  0%| F|  |TAMS 0x0000000083a00000, 0x0000000083a00000| Untracked 
|  31|0x0000000083b00000, 0x0000000083b00000, 0x0000000083c00000|  0%| F|  |TAMS 0x0000000083b00000, 0x0000000083b00000| Untracked 
|  32|0x0000000083c00000, 0x0000000083c00000, 0x0000000083d00000|  0%| F|  |TAMS 0x0000000083c00000, 0x0000000083c00000| Untracked 
|  33|0x0000000083d00000, 0x0000000083d00000, 0x0000000083e00000|  0%| F|  |TAMS 0x0000000083d00000, 0x0000000083d00000| Untracked 
|  34|0x0000000083e00000, 0x0000000083e00000, 0x0000000083f00000|  0%| F|  |TAMS 0x0000000083e00000, 0x0000000083e00000| Untracked 
|  35|0x0000000083f00000, 0x0000000083f00000, 0x0000000084000000|  0%| F|  |TAMS 0x0000000083f00000, 0x0000000083f00000| Untracked 
|  36|0x0000000084000000, 0x0000000084000000, 0x0000000084100000|  0%| F|  |TAMS 0x0000000084000000, 0x0000000084000000| Untracked 
|  37|0x0000000084100000, 0x0000000084100000, 0x0000000084200000|  0%| F|  |TAMS 0x0000000084100000, 0x0000000084100000| Untracked 
|  38|0x0000000084200000, 0x0000000084200000, 0x0000000084300000|  0%| F|  |TAMS 0x0000000084200000, 0x0000000084200000| Untracked 
|  39|0x0000000084300000, 0x0000000084300000, 0x0000000084400000|  0%| F|  |TAMS 0x0000000084300000, 0x0000000084300000| Untracked 
|  40|0x0000000084400000, 0x0000000084400000, 0x0000000084500000|  0%| F|  |TAMS 0x0000000084400000, 0x0000000084400000| Untracked 
|  41|0x0000000084500000, 0x0000000084500000, 0x0000000084600000|  0%| F|  |TAMS 0x0000000084500000, 0x0000000084500000| Untracked 
|  42|0x0000000084600000, 0x0000000084600000, 0x0000000084700000|  0%| F|  |TAMS 0x0000000084600000, 0x0000000084600000| Untracked 
|  43|0x0000000084700000, 0x0000000084700000, 0x0000000084800000|  0%| F|  |TAMS 0x0000000084700000, 0x0000000084700000| Untracked 
|  44|0x0000000084800000, 0x0000000084800000, 0x0000000084900000|  0%| F|  |TAMS 0x0000000084800000, 0x0000000084800000| Untracked 
|  45|0x0000000084900000, 0x0000000084900000, 0x0000000084a00000|  0%| F|  |TAMS 0x0000000084900000, 0x0000000084900000| Untracked 
|  46|0x0000000084a00000, 0x0000000084a00000, 0x0000000084b00000|  0%| F|  |TAMS 0x0000000084a00000, 0x0000000084a00000| Untracked 
|  47|0x0000000084b00000, 0x0000000084b00000, 0x0000000084c00000|  0%| F|  |TAMS 0x0000000084b00000, 0x0000000084b00000| Untracked 
|  48|0x0000000084c00000, 0x0000000084c00000, 0x0000000084d00000|  0%| F|  |TAMS 0x0000000084c00000, 0x0000000084c00000| Untracked 
|  49|0x0000000084d00000, 0x0000000084d00000, 0x0000000084e00000|  0%| F|  |TAMS 0x0000000084d00000, 0x0000000084d00000| Untracked 
|  50|0x0000000084e00000, 0x0000000084e00000, 0x0000000084f00000|  0%| F|  |TAMS 0x0000000084e00000, 0x0000000084e00000| Untracked 
|  51|0x0000000084f00000, 0x0000000084f00000, 0x0000000085000000|  0%| F|  |TAMS 0x0000000084f00000, 0x0000000084f00000| Untracked 
|  52|0x0000000085000000, 0x0000000085000000, 0x0000000085100000|  0%| F|  |TAMS 0x0000000085000000, 0x0000000085000000| Untracked 
|  53|0x0000000085100000, 0x0000000085100000, 0x0000000085200000|  0%| F|  |TAMS 0x0000000085100000, 0x0000000085100000| Untracked 
|  54|0x0000000085200000, 0x0000000085200000, 0x0000000085300000|  0%| F|  |TAMS 0x0000000085200000, 0x0000000085200000| Untracked 
|  55|0x0000000085300000, 0x0000000085300000, 0x0000000085400000|  0%| F|  |TAMS 0x0000000085300000, 0x0000000085300000| Untracked 
|  56|0x0000000085400000, 0x0000000085400000, 0x0000000085500000|  0%| F|  |TAMS 0x0000000085400000, 0x0000000085400000| Untracked 
|  57|0x0000000085500000, 0x0000000085500000, 0x0000000085600000|  0%| F|  |TAMS 0x0000000085500000, 0x0000000085500000| Untracked 
|  58|0x0000000085600000, 0x0000000085600000, 0x0000000085700000|  0%| F|  |TAMS 0x0000000085600000, 0x0000000085600000| Untracked 
|  59|0x0000000085700000, 0x0000000085700000, 0x0000000085800000|  0%| F|  |TAMS 0x0000000085700000, 0x0000000085700000| Untracked 
|  60|0x0000000085800000, 0x0000000085800000, 0x0000000085900000|  0%| F|  |TAMS 0x0000000085800000, 0x0000000085800000| Untracked 
|  61|0x0000000085900000, 0x0000000085900000, 0x0000000085a00000|  0%| F|  |TAMS 0x0000000085900000, 0x0000000085900000| Untracked 
|  62|0x0000000085a00000, 0x0000000085a00000, 0x0000000085b00000|  0%| F|  |TAMS 0x0000000085a00000, 0x0000000085a00000| Untracked 
|  63|0x0000000085b00000, 0x0000000085b00000, 0x0000000085c00000|  0%| F|  |TAMS 0x0000000085b00000, 0x0000000085b00000| Untracked 
|  64|0x0000000085c00000, 0x0000000085c00000, 0x0000000085d00000|  0%| F|  |TAMS 0x0000000085c00000, 0x0000000085c00000| Untracked 
|  65|0x0000000085d00000, 0x0000000085d00000, 0x0000000085e00000|  0%| F|  |TAMS 0x0000000085d00000, 0x0000000085d00000| Untracked 
|  66|0x0000000085e00000, 0x0000000085e00000, 0x0000000085f00000|  0%| F|  |TAMS 0x0000000085e00000, 0x0000000085e00000| Untracked 
|  67|0x0000000085f00000, 0x0000000085f00000, 0x0000000086000000|  0%| F|  |TAMS 0x0000000085f00000, 0x0000000085f00000| Untracked 
|  68|0x0000000086000000, 0x0000000086000000, 0x0000000086100000|  0%| F|  |TAMS 0x0000000086000000, 0x0000000086000000| Untracked 
|  69|0x0000000086100000, 0x0000000086100000, 0x0000000086200000|  0%| F|  |TAMS 0x0000000086100000, 0x0000000086100000| Untracked 
|  70|0x0000000086200000, 0x0000000086200000, 0x0000000086300000|  0%| F|  |TAMS 0x0000000086200000, 0x0000000086200000| Untracked 
|  71|0x0000000086300000, 0x0000000086300000, 0x0000000086400000|  0%| F|  |TAMS 0x0000000086300000, 0x0000000086300000| Untracked 
|  72|0x0000000086400000, 0x0000000086400000, 0x0000000086500000|  0%| F|  |TAMS 0x0000000086400000, 0x0000000086400000| Untracked 
|  73|0x0000000086500000, 0x0000000086500000, 0x0000000086600000|  0%| F|  |TAMS 0x0000000086500000, 0x0000000086500000| Untracked 
|  74|0x0000000086600000, 0x0000000086600000, 0x0000000086700000|  0%| F|  |TAMS 0x0000000086600000, 0x0000000086600000| Untracked 
|  75|0x0000000086700000, 0x0000000086700000, 0x0000000086800000|  0%| F|  |TAMS 0x0000000086700000, 0x0000000086700000| Untracked 
|  76|0x0000000086800000, 0x0000000086800000, 0x0000000086900000|  0%| F|  |TAMS 0x0000000086800000, 0x0000000086800000| Untracked 
|  77|0x0000000086900000, 0x0000000086900000, 0x0000000086a00000|  0%| F|  |TAMS 0x0000000086900000, 0x0000000086900000| Untracked 
|  78|0x0000000086a00000, 0x0000000086a00000, 0x0000000086b00000|  0%| F|  |TAMS 0x0000000086a00000, 0x0000000086a00000| Untracked 
|  79|0x0000000086b00000, 0x0000000086b00000, 0x0000000086c00000|  0%| F|  |TAMS 0x0000000086b00000, 0x0000000086b00000| Untracked 
|  80|0x0000000086c00000, 0x0000000086c00000, 0x0000000086d00000|  0%| F|  |TAMS 0x0000000086c00000, 0x0000000086c00000| Untracked 
|  81|0x0000000086d00000, 0x0000000086d00000, 0x0000000086e00000|  0%| F|  |TAMS 0x0000000086d00000, 0x0000000086d00000| Untracked 
|  82|0x0000000086e00000, 0x0000000086e00000, 0x0000000086f00000|  0%| F|  |TAMS 0x0000000086e00000, 0x0000000086e00000| Untracked 
|  83|0x0000000086f00000, 0x0000000086f00000, 0x0000000087000000|  0%| F|  |TAMS 0x0000000086f00000, 0x0000000086f00000| Untracked 
|  84|0x0000000087000000, 0x0000000087000000, 0x0000000087100000|  0%| F|  |TAMS 0x0000000087000000, 0x0000000087000000| Untracked 
|  85|0x0000000087100000, 0x0000000087100000, 0x0000000087200000|  0%| F|  |TAMS 0x0000000087100000, 0x0000000087100000| Untracked 
|  86|0x0000000087200000, 0x0000000087200000, 0x0000000087300000|  0%| F|  |TAMS 0x0000000087200000, 0x0000000087200000| Untracked 
|  87|0x0000000087300000, 0x0000000087300000, 0x0000000087400000|  0%| F|  |TAMS 0x0000000087300000, 0x0000000087300000| Untracked 
|  88|0x0000000087400000, 0x0000000087400000, 0x0000000087500000|  0%| F|  |TAMS 0x0000000087400000, 0x0000000087400000| Untracked 
|  89|0x0000000087500000, 0x0000000087500000, 0x0000000087600000|  0%| F|  |TAMS 0x0000000087500000, 0x0000000087500000| Untracked 
|  90|0x0000000087600000, 0x0000000087600000, 0x0000000087700000|  0%| F|  |TAMS 0x0000000087600000, 0x0000000087600000| Untracked 
|  91|0x0000000087700000, 0x0000000087700000, 0x0000000087800000|  0%| F|  |TAMS 0x0000000087700000, 0x0000000087700000| Untracked 
|  92|0x0000000087800000, 0x0000000087800000, 0x0000000087900000|  0%| F|  |TAMS 0x0000000087800000, 0x0000000087800000| Untracked 
|  93|0x0000000087900000, 0x0000000087900000, 0x0000000087a00000|  0%| F|  |TAMS 0x0000000087900000, 0x0000000087900000| Untracked 
|  94|0x0000000087a00000, 0x0000000087a00000, 0x0000000087b00000|  0%| F|  |TAMS 0x0000000087a00000, 0x0000000087a00000| Untracked 
|  95|0x0000000087b00000, 0x0000000087b00000, 0x0000000087c00000|  0%| F|  |TAMS 0x0000000087b00000, 0x0000000087b00000| Untracked 
|  96|0x0000000087c00000, 0x0000000087c00000, 0x0000000087d00000|  0%| F|  |TAMS 0x0000000087c00000, 0x0000000087c00000| Untracked 
|  97|0x0000000087d00000, 0x0000000087d00000, 0x0000000087e00000|  0%| F|  |TAMS 0x0000000087d00000, 0x0000000087d00000| Untracked 
|  98|0x0000000087e00000, 0x0000000087e00000, 0x0000000087f00000|  0%| F|  |TAMS 0x0000000087e00000, 0x0000000087e00000| Untracked 
|  99|0x0000000087f00000, 0x0000000087f00000, 0x0000000088000000|  0%| F|  |TAMS 0x0000000087f00000, 0x0000000087f00000| Untracked 
| 100|0x0000000088000000, 0x0000000088000000, 0x0000000088100000|  0%| F|  |TAMS 0x0000000088000000, 0x0000000088000000| Untracked 
| 101|0x0000000088100000, 0x0000000088100000, 0x0000000088200000|  0%| F|  |TAMS 0x0000000088100000, 0x0000000088100000| Untracked 
| 102|0x0000000088200000, 0x0000000088200000, 0x0000000088300000|  0%| F|  |TAMS 0x0000000088200000, 0x0000000088200000| Untracked 
| 103|0x0000000088300000, 0x0000000088300000, 0x0000000088400000|  0%| F|  |TAMS 0x0000000088300000, 0x0000000088300000| Untracked 
| 104|0x0000000088400000, 0x0000000088400000, 0x0000000088500000|  0%| F|  |TAMS 0x0000000088400000, 0x0000000088400000| Untracked 
| 105|0x0000000088500000, 0x0000000088500000, 0x0000000088600000|  0%| F|  |TAMS 0x0000000088500000, 0x0000000088500000| Untracked 
| 106|0x0000000088600000, 0x0000000088600000, 0x0000000088700000|  0%| F|  |TAMS 0x0000000088600000, 0x0000000088600000| Untracked 
| 107|0x0000000088700000, 0x0000000088700000, 0x0000000088800000|  0%| F|  |TAMS 0x0000000088700000, 0x0000000088700000| Untracked 
| 108|0x0000000088800000, 0x0000000088800000, 0x0000000088900000|  0%| F|  |TAMS 0x0000000088800000, 0x0000000088800000| Untracked 
| 109|0x0000000088900000, 0x0000000088900000, 0x0000000088a00000|  0%| F|  |TAMS 0x0000000088900000, 0x0000000088900000| Untracked 
| 110|0x0000000088a00000, 0x0000000088a00000, 0x0000000088b00000|  0%| F|  |TAMS 0x0000000088a00000, 0x0000000088a00000| Untracked 
| 111|0x0000000088b00000, 0x0000000088b00000, 0x0000000088c00000|  0%| F|  |TAMS 0x0000000088b00000, 0x0000000088b00000| Untracked 
| 112|0x0000000088c00000, 0x0000000088c00000, 0x0000000088d00000|  0%| F|  |TAMS 0x0000000088c00000, 0x0000000088c00000| Untracked 
| 113|0x0000000088d00000, 0x0000000088d00000, 0x0000000088e00000|  0%| F|  |TAMS 0x0000000088d00000, 0x0000000088d00000| Untracked 
| 114|0x0000000088e00000, 0x0000000088e00000, 0x0000000088f00000|  0%| F|  |TAMS 0x0000000088e00000, 0x0000000088e00000| Untracked 
| 115|0x0000000088f00000, 0x0000000088f00000, 0x0000000089000000|  0%| F|  |TAMS 0x0000000088f00000, 0x0000000088f00000| Untracked 
| 116|0x0000000089000000, 0x0000000089000000, 0x0000000089100000|  0%| F|  |TAMS 0x0000000089000000, 0x0000000089000000| Untracked 
| 117|0x0000000089100000, 0x0000000089100000, 0x0000000089200000|  0%| F|  |TAMS 0x0000000089100000, 0x0000000089100000| Untracked 
| 118|0x0000000089200000, 0x0000000089200000, 0x0000000089300000|  0%| F|  |TAMS 0x0000000089200000, 0x0000000089200000| Untracked 
| 119|0x0000000089300000, 0x00000000893769f8, 0x0000000089400000| 46%| S|CS|TAMS 0x0000000089300000, 0x0000000089300000| Complete 
| 120|0x0000000089400000, 0x0000000089500000, 0x0000000089500000|100%| S|CS|TAMS 0x0000000089400000, 0x0000000089400000| Complete 
| 121|0x0000000089500000, 0x0000000089500000, 0x0000000089600000|  0%| F|  |TAMS 0x0000000089500000, 0x0000000089500000| Untracked 
| 122|0x0000000089600000, 0x0000000089600000, 0x0000000089700000|  0%| F|  |TAMS 0x0000000089600000, 0x0000000089600000| Untracked 
| 123|0x0000000089700000, 0x0000000089700000, 0x0000000089800000|  0%| F|  |TAMS 0x0000000089700000, 0x0000000089700000| Untracked 
| 124|0x0000000089800000, 0x0000000089800000, 0x0000000089900000|  0%| F|  |TAMS 0x0000000089800000, 0x0000000089800000| Untracked 
| 125|0x0000000089900000, 0x0000000089960e50, 0x0000000089a00000| 37%| E|  |TAMS 0x0000000089900000, 0x0000000089900000| Complete 
| 126|0x0000000089a00000, 0x0000000089b00000, 0x0000000089b00000|100%| E|CS|TAMS 0x0000000089a00000, 0x0000000089a00000| Complete 
| 127|0x0000000089b00000, 0x0000000089c00000, 0x0000000089c00000|100%| E|CS|TAMS 0x0000000089b00000, 0x0000000089b00000| Complete 

Card table byte_map: [0x000001d3ff730000,0x000001d3ffb30000] _byte_map_base: 0x000001d3ff322000

Marking Bits (Prev, Next): (CMBitMap*) 0x000001d3fd4aed00, (CMBitMap*) 0x000001d3fd4aed40
 Prev Bits: [0x000001d3967e0000, 0x000001d398770000)
 Next Bits: [0x000001d398770000, 0x000001d39a700000)

Polling page: 0x000001d3fd530000

Metaspace:

Usage:
  Non-class:     15.78 MB used.
      Class:      2.09 MB used.
       Both:     17.87 MB used.

Virtual space:
  Non-class space:       64.00 MB reserved,      15.88 MB ( 25%) committed,  1 nodes.
      Class space:        1.00 GB reserved,       2.25 MB ( <1%) committed,  1 nodes.
             Both:        1.06 GB reserved,      18.12 MB (  2%) committed. 

Chunk freelists:
   Non-Class:  128.00 KB
       Class:  13.75 MB
        Both:  13.87 MB

MaxMetaspaceSize: unlimited
CompressedClassSpaceSize: 1.00 GB
Initial GC threshold: 21.00 MB
Current GC threshold: 21.00 MB
CDS: on
MetaspaceReclaimPolicy: balanced
 - commit_granule_bytes: 65536.
 - commit_granule_words: 8192.
 - virtual_space_node_default_size: 8388608.
 - enlarge_chunks_in_place: 1.
 - new_chunks_are_fully_committed: 0.
 - uncommit_free_chunks: 1.
 - use_allocation_guard: 0.
 - handle_deallocations: 1.


Internal statistics:

num_allocs_failed_limit: 0.
num_arena_births: 210.
num_arena_deaths: 0.
num_vsnodes_births: 2.
num_vsnodes_deaths: 0.
num_space_committed: 290.
num_space_uncommitted: 0.
num_chunks_returned_to_freelist: 0.
num_chunks_taken_from_freelist: 382.
num_chunk_merges: 0.
num_chunk_splits: 219.
num_chunks_enlarged: 111.
num_inconsistent_stats: 0.

CodeHeap 'non-profiled nmethods': size=120000Kb used=755Kb max_used=755Kb free=119244Kb
 bounds [0x000001d38f2b0000, 0x000001d38f520000, 0x000001d3967e0000]
CodeHeap 'profiled nmethods': size=120000Kb used=4077Kb max_used=4077Kb free=115922Kb
 bounds [0x000001d3877e0000, 0x000001d387be0000, 0x000001d38ed10000]
CodeHeap 'non-nmethods': size=5760Kb used=1355Kb max_used=1386Kb free=4404Kb
 bounds [0x000001d38ed10000, 0x000001d38ef80000, 0x000001d38f2b0000]
 total_blobs=2904 nmethods=2203 adapters=612
 compilation: enabled
              stopped_count=0, restarted_count=0
 full_count=0

Compilation events (20 events):
Event: 11.725 Thread 0x000001d39ccb3360 2193       3       java.awt.geom.AffineTransform::createInverse (543 bytes)
Event: 11.728 Thread 0x000001d39ccb3360 nmethod 2193 0x000001d387bd7410 code [0x000001d387bd7880, 0x000001d387bd8da8]
Event: 11.855 Thread 0x000001d39ccb29a0 2194       4       java.util.ArrayList::add (25 bytes)
Event: 11.856 Thread 0x000001d39ccb3360 2195       3       java.awt.Rectangle::getX (6 bytes)
Event: 11.856 Thread 0x000001d39ccb3360 nmethod 2195 0x000001d387bd9290 code [0x000001d387bd9420, 0x000001d387bd9538]
Event: 11.856 Thread 0x000001d39ccb3360 2196       3       java.awt.Rectangle::getY (6 bytes)
Event: 11.856 Thread 0x000001d39ccb3360 nmethod 2196 0x000001d387bd9610 code [0x000001d387bd97a0, 0x000001d387bd98b8]
Event: 11.856 Thread 0x000001d39ccb3360 2197       3       sun.java2d.pipe.AlphaColorPipe::renderPathTile (39 bytes)
Event: 11.857 Thread 0x000001d39ccb3360 nmethod 2197 0x000001d387bd9990 code [0x000001d387bd9b40, 0x000001d387bd9e28]
Event: 11.857 Thread 0x000001d39ccb3360 2199       3       java.lang.Math::min (45 bytes)
Event: 11.857 Thread 0x000001d39ccb3360 nmethod 2199 0x000001d387bd9f90 code [0x000001d387bda140, 0x000001d387bda498]
Event: 11.857 Thread 0x000001d39ccb3360 2200       1       java.awt.geom.RoundRectIterator::getWindingRule (2 bytes)
Event: 11.857 Thread 0x000001d39ccb3360 nmethod 2200 0x000001d38f36be90 code [0x000001d38f36c020, 0x000001d38f36c0f8]
Event: 11.857 Thread 0x000001d39ccb3360 2202       3       javax.swing.JComponent::getBounds (50 bytes)
Event: 11.858 Thread 0x000001d39ccb3360 nmethod 2202 0x000001d387bda510 code [0x000001d387bda720, 0x000001d387bdb328]
Event: 11.859 Thread 0x000001d39ccb29a0 nmethod 2194 0x000001d38f36c190 code [0x000001d38f36c320, 0x000001d38f36c528]
Event: 11.859 Thread 0x000001d39ccb29a0 2201       4       java.awt.geom.RoundRectIterator::next (11 bytes)
Event: 11.859 Thread 0x000001d39ccb29a0 nmethod 2201 0x000001d38f36c690 code [0x000001d38f36c800, 0x000001d38f36c878]
Event: 11.877 Thread 0x000001d39ccb3360 2203       1       java.util.zip.ZipCoder$UTF8ZipCoder::isUTF8 (2 bytes)
Event: 11.877 Thread 0x000001d39ccb3360 nmethod 2203 0x000001d38f36c990 code [0x000001d38f36cb20, 0x000001d38f36cbf8]

GC Heap History (4 events):
Event: 2.668 GC heap before
{Heap before GC invocations=0 (full 0):
 garbage-first heap   total 131072K, used 14336K [0x0000000081c00000, 0x0000000100000000)
  region size 1024K, 13 young (13312K), 0 survivors (0K)
 Metaspace       used 12523K, committed 12800K, reserved 1114112K
  class space    used 1442K, committed 1600K, reserved 1048576K
}
Event: 2.677 GC heap after
{Heap after GC invocations=1 (full 0):
 garbage-first heap   total 131072K, used 5313K [0x0000000081c00000, 0x0000000100000000)
  region size 1024K, 2 young (2048K), 2 survivors (2048K)
 Metaspace       used 12523K, committed 12800K, reserved 1114112K
  class space    used 1442K, committed 1600K, reserved 1048576K
}
Event: 7.289 GC heap before
{Heap before GC invocations=1 (full 0):
 garbage-first heap   total 131072K, used 12481K [0x0000000081c00000, 0x0000000100000000)
  region size 1024K, 9 young (9216K), 2 survivors (2048K)
 Metaspace       used 18110K, committed 18432K, reserved 1114112K
  class space    used 2133K, committed 2304K, reserved 1048576K
}
Event: 7.298 GC heap after
{Heap after GC invocations=2 (full 0):
 garbage-first heap   total 131072K, used 7033K [0x0000000081c00000, 0x0000000100000000)
  region size 1024K, 2 young (2048K), 2 survivors (2048K)
 Metaspace       used 18110K, committed 18432K, reserved 1114112K
  class space    used 2133K, committed 2304K, reserved 1048576K
}

Deoptimization events (20 events):
Event: 6.199 Thread 0x000001d3e23494d0 DEOPT PACKING pc=0x000001d387af4c09 sp=0x000000c79a6fd0e0
Event: 6.199 Thread 0x000001d3e23494d0 DEOPT UNPACKING pc=0x000001d38ed62b43 sp=0x000000c79a6fc468 mode 0
Event: 6.205 Thread 0x000001d3e23494d0 Uncommon trap: trap_request=0xffffffbe fr.pc=0x000001d38f339810 relative=0x00000000000007b0
Event: 6.205 Thread 0x000001d3e23494d0 Uncommon trap: reason=profile_predicate action=maybe_recompile pc=0x000001d38f339810 method=java.awt.LinearGradientPaintContext.fillRaster([IIIIIII)V @ 53 c2
Event: 6.205 Thread 0x000001d3e23494d0 DEOPT PACKING pc=0x000001d38f339810 sp=0x000000c79a6fd2c0
Event: 6.205 Thread 0x000001d3e23494d0 DEOPT UNPACKING pc=0x000001d38ed623a3 sp=0x000000c79a6fd298 mode 2
Event: 6.310 Thread 0x000001d3e23494d0 DEOPT PACKING pc=0x000001d387930f42 sp=0x000000c79a6fd290
Event: 6.310 Thread 0x000001d3e23494d0 DEOPT UNPACKING pc=0x000001d38ed62b43 sp=0x000000c79a6fc720 mode 0
Event: 6.480 Thread 0x000001d3e23494d0 DEOPT PACKING pc=0x000001d387b4a312 sp=0x000000c79a6fd400
Event: 6.480 Thread 0x000001d3e23494d0 DEOPT UNPACKING pc=0x000001d38ed62b43 sp=0x000000c79a6fc878 mode 0
Event: 7.301 Thread 0x000001d3e23494d0 DEOPT PACKING pc=0x000001d387b4a312 sp=0x000000c79a6fd1a0
Event: 7.301 Thread 0x000001d3e23494d0 DEOPT UNPACKING pc=0x000001d38ed62b43 sp=0x000000c79a6fc618 mode 0
Event: 7.303 Thread 0x000001d3e23494d0 DEOPT PACKING pc=0x000001d387b4a312 sp=0x000000c79a6fd210
Event: 7.303 Thread 0x000001d3e23494d0 DEOPT UNPACKING pc=0x000001d38ed62b43 sp=0x000000c79a6fc688 mode 0
Event: 9.821 Thread 0x000001d3e23494d0 Uncommon trap: trap_request=0xffffff45 fr.pc=0x000001d38f345088 relative=0x0000000000000088
Event: 9.821 Thread 0x000001d3e23494d0 Uncommon trap: reason=unstable_if action=reinterpret pc=0x000001d38f345088 method=sun.java2d.marlin.FloatMath.ceil_int(D)I @ 7 c2
Event: 9.821 Thread 0x000001d3e23494d0 DEOPT PACKING pc=0x000001d38f345088 sp=0x000000c79a6fc780
Event: 9.821 Thread 0x000001d3e23494d0 DEOPT UNPACKING pc=0x000001d38ed623a3 sp=0x000000c79a6fc708 mode 2
Event: 9.823 Thread 0x000001d3e23494d0 DEOPT PACKING pc=0x000001d387b2a673 sp=0x000000c79a6fc640
Event: 9.823 Thread 0x000001d3e23494d0 DEOPT UNPACKING pc=0x000001d38ed62b43 sp=0x000000c79a6fba20 mode 0

Classes unloaded (0 events):
No events

Classes redefined (0 events):
No events

Internal exceptions (20 events):
Event: 2.550 Thread 0x000001d3e23494d0 Exception <a 'java/lang/NoSuchMethodError'{0x000000008929e700}: 'java.lang.Object java.lang.invoke.DirectMethodHandle$Holder.invokeInterface(java.lang.Object, java.lang.Object)'> (0x000000008929e700) 
thrown [s\open\src\hotspot\share\interpreter\linkResolver.cpp, line 759]
Event: 2.550 Thread 0x000001d3e23494d0 Exception <a 'java/lang/IncompatibleClassChangeError'{0x00000000892a21a0}: Found class java.lang.Object, but interface was expected> (0x00000000892a21a0) 
thrown [s\open\src\hotspot\share\interpreter\linkResolver.cpp, line 826]
Event: 2.551 Thread 0x000001d3e23494d0 Exception <a 'java/lang/NoSuchMethodError'{0x00000000892a53c0}: 'void java.lang.invoke.DirectMethodHandle$Holder.invokeStatic(java.lang.Object, java.lang.Object)'> (0x00000000892a53c0) 
thrown [s\open\src\hotspot\share\interpreter\linkResolver.cpp, line 759]
Event: 2.551 Thread 0x000001d3e23494d0 Exception <a 'java/lang/NoSuchMethodError'{0x00000000892a8c68}: 'void java.lang.invoke.DirectMethodHandle$Holder.invokeStaticInit(java.lang.Object, java.lang.Object)'> (0x00000000892a8c68) 
thrown [s\open\src\hotspot\share\interpreter\linkResolver.cpp, line 759]
Event: 2.696 Thread 0x000001d3e23494d0 Exception <a 'java/lang/NoSuchMethodError'{0x0000000089a85450}: 'java.lang.Object java.lang.invoke.DirectMethodHandle$Holder.invokeStaticInit(java.lang.Object, int, int, int, int)'> (0x0000000089a85450) 
thrown [s\open\src\hotspot\share\interpreter\linkResolver.cpp, line 759]
Event: 2.741 Thread 0x000001d3e23494d0 Exception <a 'java/lang/NoSuchMethodError'{0x0000000089abb5a8}: 'java.lang.Object java.lang.invoke.DirectMethodHandle$Holder.invokeStaticInit(java.lang.Object, java.lang.Object, int, int, int, int)'> (0x0000000089abb5a8) 
thrown [s\open\src\hotspot\share\interpreter\linkResolver.cpp, line 759]
Event: 2.860 Thread 0x000001d3e23494d0 Exception <a 'java/lang/NoSuchMethodError'{0x00000000899d0cc0}: 'java.lang.Object java.lang.invoke.DirectMethodHandle$Holder.invokeSpecial(java.lang.Object, java.lang.Object, java.lang.Object, java.lang.Object, int)'> (0x00000000899d0cc0) 
thrown [s\open\src\hotspot\share\interpreter\linkResolver.cpp, line 759]
Event: 2.860 Thread 0x000001d3e23494d0 Exception <a 'java/lang/NoSuchMethodError'{0x00000000899d4b30}: 'java.lang.Object java.lang.invoke.Invokers$Holder.linkToTargetMethod(java.lang.Object, java.lang.Object, int, java.lang.Object)'> (0x00000000899d4b30) 
thrown [s\open\src\hotspot\share\interpreter\linkResolver.cpp, line 759]
Event: 2.887 Thread 0x000001d3e23494d0 Exception <a 'java/lang/NoSuchMethodError'{0x0000000089828ae8}: 'void java.lang.invoke.DirectMethodHandle$Holder.invokeSpecial(java.lang.Object, java.lang.Object, java.lang.Object, java.lang.Object, java.lang.Object)'> (0x0000000089828ae8) 
thrown [s\open\src\hotspot\share\interpreter\linkResolver.cpp, line 759]
Event: 3.124 Thread 0x000001d3e2f0cbd0 Exception <a 'java/lang/NoSuchMethodError'{0x0000000089898358}: 'void java.lang.invoke.DirectMethodHandle$Holder.invokeStatic(java.lang.Object, java.lang.Object, int)'> (0x0000000089898358) 
thrown [s\open\src\hotspot\share\interpreter\linkResolver.cpp, line 759]
Event: 3.555 Thread 0x000001d3e2f0ad70 Exception <a 'java/lang/NoSuchMethodError'{0x0000000089721c48}: 'java.lang.Object java.lang.invoke.DirectMethodHandle$Holder.newInvokeSpecial(java.lang.Object, java.lang.Object, long, java.lang.Object, java.lang.Object, java.lang.Object)'> (0x0000000089721c48) 
thrown [s\open\src\hotspot\share\interpreter\linkResolver.cpp, line 759]
Event: 3.563 Thread 0x000001d3e2f0ad70 Exception <a 'java/lang/NoSuchMethodError'{0x000000008973a718}: 'void java.lang.invoke.DirectMethodHandle$Holder.invokeSpecial(java.lang.Object, java.lang.Object, java.lang.Object, java.lang.Object, java.lang.Object, java.lang.Object, java.lang.Object)'> (0x000000008973a718) 
thrown [s\open\src\hotspot\share\interpreter\linkResolver.cpp, line 759]
Event: 3.566 Thread 0x000001d3e2f0ad70 Exception <a 'java/lang/NoSuchMethodError'{0x000000008974bee8}: 'void java.lang.invoke.DirectMethodHandle$Holder.invokeStatic(java.lang.Object, java.lang.Object, java.lang.Object, java.lang.Object)'> (0x000000008974bee8) 
thrown [s\open\src\hotspot\share\interpreter\linkResolver.cpp, line 759]
Event: 3.632 Thread 0x000001d3e23494d0 Implicit null exception at 0x000001d38f2cec8f to 0x000001d38f2ced09
Event: 6.187 Thread 0x000001d3e23494d0 Implicit null exception at 0x000001d38f33aed5 to 0x000001d38f33b416
Event: 6.187 Thread 0x000001d3e23494d0 Implicit null exception at 0x000001d38f336fa9 to 0x000001d38f33763c
Event: 6.187 Thread 0x000001d3e23494d0 Implicit null exception at 0x000001d38f33aed5 to 0x000001d38f33b416
Event: 6.187 Thread 0x000001d3e23494d0 Implicit null exception at 0x000001d38f336fa9 to 0x000001d38f33763c
Event: 6.187 Thread 0x000001d3e23494d0 Implicit null exception at 0x000001d38f33aed5 to 0x000001d38f33b416
Event: 6.205 Thread 0x000001d3e23494d0 Implicit null exception at 0x000001d38f3391b0 to 0x000001d38f3397b4

VM Operations (20 events):
Event: 4.651 Executing VM operation: Cleanup
Event: 4.651 Executing VM operation: Cleanup done
Event: 5.041 Executing VM operation: HandshakeAllThreads
Event: 5.041 Executing VM operation: HandshakeAllThreads done
Event: 6.052 Executing VM operation: Cleanup
Event: 6.052 Executing VM operation: Cleanup done
Event: 6.180 Executing VM operation: HandshakeAllThreads
Event: 6.180 Executing VM operation: HandshakeAllThreads done
Event: 7.180 Executing VM operation: Cleanup
Event: 7.180 Executing VM operation: Cleanup done
Event: 7.289 Executing VM operation: G1CollectForAllocation
Event: 7.298 Executing VM operation: G1CollectForAllocation done
Event: 8.319 Executing VM operation: Cleanup
Event: 8.319 Executing VM operation: Cleanup done
Event: 9.332 Executing VM operation: Cleanup
Event: 9.332 Executing VM operation: Cleanup done
Event: 10.346 Executing VM operation: Cleanup
Event: 10.346 Executing VM operation: Cleanup done
Event: 11.353 Executing VM operation: Cleanup
Event: 11.353 Executing VM operation: Cleanup done

Events (20 events):
Event: 6.177 loading class javax/swing/Popup done
Event: 6.177 loading class javax/swing/PopupFactory$ContainerPopup done
Event: 6.177 loading class javax/swing/PopupFactory$LightWeightPopup done
Event: 6.177 loading class javax/swing/JDialog
Event: 6.178 loading class javax/swing/JDialog done
Event: 6.179 loading class javax/swing/JApplet
Event: 6.179 loading class javax/swing/JApplet done
Event: 6.184 loading class javax/swing/RepaintManager$3
Event: 6.185 loading class javax/swing/RepaintManager$3 done
Event: 6.209 loading class java/awt/geom/RectIterator
Event: 6.209 loading class java/awt/geom/RectIterator done
Event: 6.215 loading class sun/awt/UngrabEvent
Event: 6.215 loading class sun/awt/UngrabEvent done
Event: 7.285 loading class javax/swing/Autoscroller
Event: 7.285 loading class javax/swing/Autoscroller done
Event: 7.288 loading class javax/swing/plaf/basic/BasicPopupMenuUI$MouseGrabber$2
Event: 7.288 loading class javax/swing/plaf/basic/BasicPopupMenuUI$MouseGrabber$2 done
Event: 8.768 Thread 0x000001d3e2f0a860 Thread added: 0x000001d3e2f0a860
Event: 8.768 loading class java/awt/Window$1DisposeAction
Event: 8.769 loading class java/awt/Window$1DisposeAction done


Dynamic libraries:
0x00007ff73a7b0000 - 0x00007ff73a7c0000 	C:\Program Files\Java\jdk-17\bin\java.exe
0x00007ff86d090000 - 0x00007ff86d288000 	C:\WINDOWS\SYSTEM32\ntdll.dll
0x00007ff86b190000 - 0x00007ff86b24d000 	C:\WINDOWS\System32\KERNEL32.DLL
0x00007ff86ade0000 - 0x00007ff86b0d6000 	C:\WINDOWS\System32\KERNELBASE.dll
0x00007ff86ab60000 - 0x00007ff86ac60000 	C:\WINDOWS\System32\ucrtbase.dll
0x00007ff852e10000 - 0x00007ff852e2b000 	C:\Program Files\Java\jdk-17\bin\VCRUNTIME140.dll
0x00007ff863a70000 - 0x00007ff863a89000 	C:\Program Files\Java\jdk-17\bin\jli.dll
0x00007ff86ba70000 - 0x00007ff86bb23000 	C:\WINDOWS\System32\ADVAPI32.dll
0x00007ff86c180000 - 0x00007ff86c21e000 	C:\WINDOWS\System32\msvcrt.dll
0x00007ff86c8a0000 - 0x00007ff86c93f000 	C:\WINDOWS\System32\sechost.dll
0x00007ff86bbb0000 - 0x00007ff86bcd6000 	C:\WINDOWS\System32\RPCRT4.dll
0x00007ff86ac90000 - 0x00007ff86acb7000 	C:\WINDOWS\System32\bcrypt.dll
0x00007ff86c6a0000 - 0x00007ff86c83e000 	C:\WINDOWS\System32\USER32.dll
0x00007ff86ac60000 - 0x00007ff86ac82000 	C:\WINDOWS\System32\win32u.dll
0x00007ff85aa00000 - 0x00007ff85ac9a000 	C:\WINDOWS\WinSxS\amd64_microsoft.windows.common-controls_6595b64144ccf1df_6.0.19041.3636_none_60b6a03d71f818d5\COMCTL32.dll
0x00007ff86c150000 - 0x00007ff86c17c000 	C:\WINDOWS\System32\GDI32.dll
0x00007ff86acc0000 - 0x00007ff86adda000 	C:\WINDOWS\System32\gdi32full.dll
0x00007ff86a8f0000 - 0x00007ff86a98d000 	C:\WINDOWS\System32\msvcp_win.dll
0x00007ff85af30000 - 0x00007ff85af3a000 	C:\WINDOWS\SYSTEM32\VERSION.dll
0x00007ff86bcf0000 - 0x00007ff86bd20000 	C:\WINDOWS\System32\IMM32.DLL
0x00007ff84f460000 - 0x00007ff84f46c000 	C:\Program Files\Java\jdk-17\bin\vcruntime140_1.dll
0x00007ff816ea0000 - 0x00007ff816f2e000 	C:\Program Files\Java\jdk-17\bin\msvcp140.dll
0x00007ff8170d0000 - 0x00007ff817caf000 	C:\Program Files\Java\jdk-17\bin\server\jvm.dll
0x00007ff86bd20000 - 0x00007ff86bd28000 	C:\WINDOWS\System32\PSAPI.DLL
0x00007ff859e80000 - 0x00007ff859e89000 	C:\WINDOWS\SYSTEM32\WSOCK32.dll
0x00007ff85af40000 - 0x00007ff85af67000 	C:\WINDOWS\SYSTEM32\WINMM.dll
0x00007ff86c0e0000 - 0x00007ff86c14b000 	C:\WINDOWS\System32\WS2_32.dll
0x00007ff868f90000 - 0x00007ff868fa2000 	C:\WINDOWS\SYSTEM32\kernel.appcore.dll
0x00007ff84f450000 - 0x00007ff84f45a000 	C:\Program Files\Java\jdk-17\bin\jimage.dll
0x00007ff85c650000 - 0x00007ff85c834000 	C:\WINDOWS\SYSTEM32\DBGHELP.DLL
0x00007ff8642d0000 - 0x00007ff864304000 	C:\WINDOWS\SYSTEM32\dbgcore.DLL
0x00007ff86a860000 - 0x00007ff86a8e2000 	C:\WINDOWS\System32\bcryptPrimitives.dll
0x00007ff819270000 - 0x00007ff819295000 	C:\Program Files\Java\jdk-17\bin\java.dll
0x00007ff818e70000 - 0x00007ff818f47000 	C:\Program Files\Java\jdk-17\bin\jsvml.dll
0x00007ff86b250000 - 0x00007ff86b995000 	C:\WINDOWS\System32\SHELL32.dll
0x00007ff8687f0000 - 0x00007ff868f8b000 	C:\WINDOWS\SYSTEM32\windows.storage.dll
0x00007ff86c340000 - 0x00007ff86c694000 	C:\WINDOWS\System32\combase.dll
0x00007ff86a190000 - 0x00007ff86a1bd000 	C:\WINDOWS\SYSTEM32\Wldp.dll
0x00007ff86b0e0000 - 0x00007ff86b18d000 	C:\WINDOWS\System32\SHCORE.dll
0x00007ff86be10000 - 0x00007ff86be65000 	C:\WINDOWS\System32\shlwapi.dll
0x00007ff86a690000 - 0x00007ff86a6b5000 	C:\WINDOWS\SYSTEM32\profapi.dll
0x00007ff819210000 - 0x00007ff819229000 	C:\Program Files\Java\jdk-17\bin\net.dll
0x00007ff85e390000 - 0x00007ff85e49a000 	C:\WINDOWS\SYSTEM32\WINHTTP.dll
0x00007ff869ef0000 - 0x00007ff869f5a000 	C:\WINDOWS\system32\mswsock.dll
0x00007ff8191f0000 - 0x00007ff819206000 	C:\Program Files\Java\jdk-17\bin\nio.dll
0x00007ff8191d0000 - 0x00007ff8191e8000 	C:\Program Files\Java\jdk-17\bin\zip.dll
0x00007ff816f30000 - 0x00007ff8170c1000 	C:\Program Files\Java\jdk-17\bin\awt.dll
0x00007ff86b9a0000 - 0x00007ff86ba6d000 	C:\WINDOWS\System32\OLEAUT32.dll
0x00007ff867f90000 - 0x00007ff868020000 	C:\WINDOWS\SYSTEM32\apphelp.dll
0x00007ff868700000 - 0x00007ff86879e000 	C:\WINDOWS\system32\uxtheme.dll
0x00007ff86c220000 - 0x00007ff86c334000 	C:\WINDOWS\System32\MSCTF.dll
0x00007ff86ce10000 - 0x00007ff86cf3b000 	C:\WINDOWS\System32\ole32.dll
0x00007ff868170000 - 0x00007ff86819f000 	C:\WINDOWS\system32\DWMAPI.DLL
0x00007ff816e10000 - 0x00007ff816e97000 	C:\Program Files\Java\jdk-17\bin\freetype.dll
0x00007ff816d30000 - 0x00007ff816e03000 	C:\Program Files\Java\jdk-17\bin\fontmanager.dll
0x00007ff846410000 - 0x00007ff846535000 	C:\WINDOWS\system32\opengl32.dll
0x00007ff8463a0000 - 0x00007ff8463cc000 	C:\WINDOWS\SYSTEM32\GLU32.dll
0x00007ff86c030000 - 0x00007ff86c0d9000 	C:\WINDOWS\System32\clbcatq.dll
0x00007ff864e00000 - 0x00007ff864fb4000 	C:\WINDOWS\SYSTEM32\WindowsCodecs.dll
0x00007ff84b6b0000 - 0x00007ff84b6ee000 	C:\WINDOWS\system32\dataexchange.dll
0x00007ff866e00000 - 0x00007ff867063000 	C:\WINDOWS\system32\d3d11.dll
0x00007ff867220000 - 0x00007ff867403000 	C:\WINDOWS\system32\dcomp.dll
0x00007ff869010000 - 0x00007ff869103000 	C:\WINDOWS\system32\dxgi.dll
0x00007ff864b40000 - 0x00007ff864d43000 	C:\WINDOWS\system32\twinapi.appcore.dll
0x00007ff85e910000 - 0x00007ff85ea09000 	C:\WINDOWS\SYSTEM32\textinputframework.dll
0x00007ff867d50000 - 0x00007ff867e42000 	C:\WINDOWS\System32\CoreMessaging.dll
0x00007ff8679f0000 - 0x00007ff867d4b000 	C:\WINDOWS\System32\CoreUIComponents.dll
0x00007ff8698d0000 - 0x00007ff869903000 	C:\WINDOWS\SYSTEM32\ntmarta.dll
0x00007ff867070000 - 0x00007ff8671c5000 	C:\WINDOWS\SYSTEM32\wintypes.dll
0x00007ff86a0e0000 - 0x00007ff86a0f8000 	C:\WINDOWS\SYSTEM32\CRYPTSP.dll
0x00007ff8697b0000 - 0x00007ff8697e4000 	C:\WINDOWS\system32\rsaenh.dll
0x00007ff86a610000 - 0x00007ff86a63e000 	C:\WINDOWS\SYSTEM32\USERENV.dll
0x00007ff86a100000 - 0x00007ff86a10c000 	C:\WINDOWS\SYSTEM32\CRYPTBASE.dll
0x00007ff869b90000 - 0x00007ff869bcb000 	C:\WINDOWS\SYSTEM32\IPHLPAPI.DLL
0x00007ff86c020000 - 0x00007ff86c028000 	C:\WINDOWS\System32\NSI.dll
0x00007ff85e620000 - 0x00007ff85e637000 	C:\WINDOWS\SYSTEM32\dhcpcsvc6.DLL
0x00007ff85e6f0000 - 0x00007ff85e70d000 	C:\WINDOWS\SYSTEM32\dhcpcsvc.DLL
0x00007ff869be0000 - 0x00007ff869caa000 	C:\WINDOWS\SYSTEM32\DNSAPI.dll
0x00007ff863a60000 - 0x00007ff863a6e000 	C:\Program Files\Java\jdk-17\bin\sunmscapi.dll
0x00007ff86a990000 - 0x00007ff86aaed000 	C:\WINDOWS\System32\CRYPT32.dll
0x00007ff86a200000 - 0x00007ff86a228000 	C:\WINDOWS\SYSTEM32\ncrypt.dll
0x00007ff86a1c0000 - 0x00007ff86a1fb000 	C:\WINDOWS\SYSTEM32\NTASN1.dll
0x00007ff8638d0000 - 0x00007ff8638d7000 	C:\WINDOWS\system32\wshunix.dll
0x00007ff85bfd0000 - 0x00007ff85c004000 	C:\Users\Shubham\AppData\Local\Temp\jSerialComm\1706629298393-jSerialComm.dll
0x00007ff86c9a0000 - 0x00007ff86ce0e000 	C:\WINDOWS\System32\SETUPAPI.dll
0x00007ff86a760000 - 0x00007ff86a7ae000 	C:\WINDOWS\System32\cfgmgr32.dll
0x00007ff86a4f0000 - 0x00007ff86a523000 	C:\WINDOWS\SYSTEM32\DEVOBJ.dll
0x00007ff86aaf0000 - 0x00007ff86ab57000 	C:\WINDOWS\System32\WINTRUST.dll
0x00007ff86a320000 - 0x00007ff86a332000 	C:\WINDOWS\SYSTEM32\MSASN1.dll

dbghelp: loaded successfully - version: 4.0.5 - missing functions: none
symbol engine: initialized successfully - sym options: 0x614 - pdb path: .;C:\Program Files\Java\jdk-17\bin;C:\WINDOWS\SYSTEM32;C:\WINDOWS\WinSxS\amd64_microsoft.windows.common-controls_6595b64144ccf1df_6.0.19041.3636_none_60b6a03d71f818d5;C:\Program Files\Java\jdk-17\bin\server;C:\Users\Shubham\AppData\Local\Temp\jSerialComm

VM Arguments:
jvm_args: -Dfile.encoding=UTF-8 --module-path=D:\Projects\E4ETagWriterAnt\E4ETagWriter\build\classes 
java_command: e4etagwriter.Login
java_class_path (initial): D:\Projects\E4ETagWriterAnt\E4ETagWriter\jSerialComm-2.9.1.jar;D:\Projects\E4ETagWriterAnt\E4ETagWriter\build\classes
Launcher Type: SUN_STANDARD

[Global flags]
     intx CICompilerCount                          = 3                                         {product} {ergonomic}
     uint ConcGCThreads                            = 1                                         {product} {ergonomic}
     uint G1ConcRefinementThreads                  = 4                                         {product} {ergonomic}
   size_t G1HeapRegionSize                         = 1048576                                   {product} {ergonomic}
    uintx GCDrainStackTargetSize                   = 64                                        {product} {ergonomic}
   size_t InitialHeapSize                          = 134217728                                 {product} {ergonomic}
   size_t MarkStackSize                            = 4194304                                   {product} {ergonomic}
   size_t MaxHeapSize                              = 2118123520                                {product} {ergonomic}
   size_t MaxNewSize                               = 1270874112                                {product} {ergonomic}
   size_t MinHeapDeltaBytes                        = 1048576                                   {product} {ergonomic}
   size_t MinHeapSize                              = 8388608                                   {product} {ergonomic}
    uintx NonNMethodCodeHeapSize                   = 5832780                                {pd product} {ergonomic}
    uintx NonProfiledCodeHeapSize                  = 122912730                              {pd product} {ergonomic}
    uintx ProfiledCodeHeapSize                     = 122912730                              {pd product} {ergonomic}
    uintx ReservedCodeCacheSize                    = 251658240                              {pd product} {ergonomic}
     bool SegmentedCodeCache                       = true                                      {product} {ergonomic}
   size_t SoftMaxHeapSize                          = 2118123520                             {manageable} {ergonomic}
     bool UseCompressedClassPointers               = true                           {product lp64_product} {ergonomic}
     bool UseCompressedOops                        = true                           {product lp64_product} {ergonomic}
     bool UseG1GC                                  = true                                      {product} {ergonomic}
     bool UseLargePagesIndividualAllocation        = false                                  {pd product} {ergonomic}

Logging:
Log output configuration:
 #0: stdout all=warning uptime,level,tags
 #1: stderr all=off uptime,level,tags

Environment Variables:
PATH=C:\Program Files\Common Files\Oracle\Java\javapath;C:\WINDOWS\system32;C:\WINDOWS;C:\WINDOWS\System32\Wbem;C:\WINDOWS\System32\WindowsPowerShell\v1.0\;C:\WINDOWS\System32\OpenSSH\;C:\Program Files\Git\cmd;C:\Users\Shubham\AppData\Local\Microsoft\WindowsApps;
USERNAME=Shubham
OS=Windows_NT
PROCESSOR_IDENTIFIER=Intel64 Family 6 Model 69 Stepping 1, GenuineIntel



---------------  S Y S T E M  ---------------

OS:
 Windows 10 , 64 bit Build 19041 (10.0.19041.3636)
OS uptime: 2 days 7:25 hours

CPU: total 4 (initial active 4) (2 cores per cpu, 2 threads per core) family 6 model 69 stepping 1 microcode 0x25, cx8, cmov, fxsr, ht, mmx, sse, sse2, sse3, ssse3, sse4.1, sse4.2, popcnt, lzcnt, tsc, tscinvbit, avx, avx2, aes, erms, clmul, bmi1, bmi2, fma, vzeroupper, clflush

Memory: 4k page, system-wide physical 8072M (2968M free)
TotalPageFile size 9992M (AvailPageFile size 3566M)
current process WorkingSet (physical memory assigned to process): 98M, peak: 104M
current process commit charge ("private bytes"): 233M, peak: 240M

vm_info: Java HotSpot(TM) 64-Bit Server VM (17.0.10+11-LTS-240) for windows-amd64 JRE (17.0.10+11-LTS-240), built on Dec 19 2023 21:47:25 by "mach5one" with MS VC++ 17.1 (VS2022)

END.
